<?xml version="1.0" encoding="UTF-8"?>
<!-- Generated by org.testng.reporters.JUnitXMLReporter -->
<testsuite ignored="0" hostname="DESKTOP-BBH489I" failures="0" tests="3" name="Test" time="248.301" errors="0" timestamp="2023-08-03T16:44:46 IST">
  <testcase classname="Retailer_package.Flipcart" name="flipcart_test" time="118.289"/>
  <testcase classname="Retailer_package.Amazon" name="amazon_test" time="48.428"/>
  <testcase classname="Retailer_package.Ajio" name="Ajio_Test" time="81.483"/>
</testsuite> <!-- Test -->
