<?xml version="1.0" encoding="UTF-8"?>
<testng-results ignored="0" total="2" passed="2" failed="0" skipped="0">
  <reporter-output>
    <line>
      <![CDATA[Opening flipcart]]>
    </line>
    <line>
      <![CDATA[Opening amazon]]>
    </line>
  </reporter-output>
  <suite started-at="2023-08-03T16:02:02 IST" name="Suite" finished-at="2023-08-03T16:02:19 IST" duration-ms="16646">
    <groups>
    </groups>
    <test started-at="2023-08-03T16:02:02 IST" name="Test" finished-at="2023-08-03T16:02:19 IST" duration-ms="16646">
      <class name="Retailer_package.Flipcart">
        <test-method signature="flipcart_test()[pri:0, instance:Retailer_package.Flipcart@c33b74f]" started-at="2023-08-03T16:02:02 IST" name="flipcart_test" finished-at="2023-08-03T16:02:12 IST" duration-ms="9425" status="PASS">
          <reporter-output>
            <line>
              <![CDATA[Opening flipcart]]>
            </line>
          </reporter-output>
        </test-method> <!-- flipcart_test -->
      </class> <!-- Retailer_package.Flipcart -->
      <class name="Retailer_package.Amazon">
        <test-method signature="amazon_test()[pri:0, instance:Retailer_package.Amazon@50eac852]" started-at="2023-08-03T16:02:12 IST" name="amazon_test" finished-at="2023-08-03T16:02:19 IST" duration-ms="7180" status="PASS">
          <reporter-output>
            <line>
              <![CDATA[Opening amazon]]>
            </line>
          </reporter-output>
        </test-method> <!-- amazon_test -->
      </class> <!-- Retailer_package.Amazon -->
    </test> <!-- Test -->
  </suite> <!-- Suite -->
</testng-results>
