<?xml version="1.0" encoding="UTF-8"?>
<testng-results ignored="0" total="3" passed="3" failed="0" skipped="0">
  <reporter-output>
    <line>
      <![CDATA[Opening flipcart]]>
    </line>
    <line>
      <![CDATA[Opening amazon]]>
    </line>
    <line>
      <![CDATA[Opening Ajio]]>
    </line>
  </reporter-output>
  <suite started-at="2023-08-03T16:40:37 IST" name="Suite" finished-at="2023-08-03T16:44:46 IST" duration-ms="248301">
    <groups>
    </groups>
    <test started-at="2023-08-03T16:40:37 IST" name="Test" finished-at="2023-08-03T16:44:46 IST" duration-ms="248301">
      <class name="Retailer_package.Flipcart">
        <test-method signature="flipcart_test()[pri:0, instance:Retailer_package.Flipcart@2c767a52]" started-at="2023-08-03T16:40:37 IST" name="flipcart_test" finished-at="2023-08-03T16:42:36 IST" duration-ms="118289" status="PASS">
          <reporter-output>
            <line>
              <![CDATA[Opening flipcart]]>
            </line>
          </reporter-output>
        </test-method> <!-- flipcart_test -->
      </class> <!-- Retailer_package.Flipcart -->
      <class name="Retailer_package.Ajio">
        <test-method signature="Ajio_Test()[pri:0, instance:Retailer_package.Ajio@188715b5]" started-at="2023-08-03T16:43:24 IST" name="Ajio_Test" finished-at="2023-08-03T16:44:46 IST" duration-ms="81483" status="PASS">
          <reporter-output>
            <line>
              <![CDATA[Opening Ajio]]>
            </line>
          </reporter-output>
        </test-method> <!-- Ajio_Test -->
      </class> <!-- Retailer_package.Ajio -->
      <class name="Retailer_package.Amazon">
        <test-method signature="amazon_test()[pri:0, instance:Retailer_package.Amazon@2f7298b]" started-at="2023-08-03T16:42:36 IST" name="amazon_test" finished-at="2023-08-03T16:43:24 IST" duration-ms="48428" status="PASS">
          <reporter-output>
            <line>
              <![CDATA[Opening amazon]]>
            </line>
          </reporter-output>
        </test-method> <!-- amazon_test -->
      </class> <!-- Retailer_package.Amazon -->
    </test> <!-- Test -->
  </suite> <!-- Suite -->
</testng-results>
